app/build/outputs/logs/manifest-merger-debug-report.txt
-- Merging decision tree log ---
manifest
ADDED from src/main/AndroidManifest.xml:3:1-190:12
	xmlns:android
		ADDED from src/main/AndroidManifest.xml:3:11-69
	package
		ADDED from src/main/AndroidManifest.xml:4:5-36
		INJECTED from src/main/AndroidManifest.xml
		INJECTED from src/main/AndroidManifest.xml
	android:versionName
		INJECTED from src/main/AndroidManifest.xml
		INJECTED from src/main/AndroidManifest.xml
	android:versionCode
		INJECTED from src/main/AndroidManifest.xml
		INJECTED from src/main/AndroidManifest.xml
receiver#com.blackboard.androidtest.receiver.ConnectionChangeReceiver
ADDED from src/main/AndroidManifest.xml:6:5-8:45
	android:label
		ADDED from src/main/AndroidManifest.xml:8:9-42
	android:name
		ADDED from src/main/AndroidManifest.xml:7:9-84
intent-filter#android.net.conn.CONNECTIVITY_CHANGE
ADDED from src/main/AndroidManifest.xml:10:5-12:21
action#android.net.conn.CONNECTIVITY_CHANGE
ADDED from src/main/AndroidManifest.xml:11:9-71
	android:name
		ADDED from src/main/AndroidManifest.xml:11:17-68
uses-permission#android.permission.READ_PHONE_STATE
ADDED from src/main/AndroidManifest.xml:14:5-75
	android:name
		ADDED from src/main/AndroidManifest.xml:14:22-72
uses-permission#android.permission.ACCESS_NETWORK_STATE
ADDED from src/main/AndroidManifest.xml:15:5-79
	android:name
		ADDED from src/main/AndroidManifest.xml:15:22-76
uses-permission#android.permission.ACCESS_WIFI_STATE
ADDED from src/main/AndroidManifest.xml:16:5-76
	android:name
		ADDED from src/main/AndroidManifest.xml:16:22-73
uses-permission#android.permission.WRITE_EXTERNAL_STORAGE
ADDED from src/main/AndroidManifest.xml:17:5-81
	android:name
		ADDED from src/main/AndroidManifest.xml:17:22-78
uses-permission#android.permission.SYSTEM_ALERT_WINDOW
ADDED from src/main/AndroidManifest.xml:18:5-78
	android:name
		ADDED from src/main/AndroidManifest.xml:18:22-75
uses-permission#android.permission.GET_TASKS
ADDED from src/main/AndroidManifest.xml:19:5-68
	android:name
		ADDED from src/main/AndroidManifest.xml:19:22-65
uses-permission#com.android.launcher.permission.INSTALL_SHORTCUT
ADDED from src/main/AndroidManifest.xml:20:5-88
	android:name
		ADDED from src/main/AndroidManifest.xml:20:22-85
uses-permission#android.permission.ACCESS_FINE_LOCATION
ADDED from src/main/AndroidManifest.xml:21:5-79
	android:name
		ADDED from src/main/AndroidManifest.xml:21:22-76
uses-permission#android.permission.ACCESS_COARSE_LOCATION
ADDED from src/main/AndroidManifest.xml:22:5-81
	android:name
		ADDED from src/main/AndroidManifest.xml:22:22-78
uses-permission#android.permission.CHANGE_WIFI_STATE
ADDED from src/main/AndroidManifest.xml:23:5-76
	android:name
		ADDED from src/main/AndroidManifest.xml:23:22-73
uses-permission#android.permission.INTERNET
ADDED from src/main/AndroidManifest.xml:24:5-67
	android:name
		ADDED from src/main/AndroidManifest.xml:24:22-64
uses-permission#android.permission.MOUNT_UNMOUNT_FILESYSTEMS
ADDED from src/main/AndroidManifest.xml:25:5-84
	android:name
		ADDED from src/main/AndroidManifest.xml:25:22-81
uses-permission#android.permission.WRITE_SETTINGS
ADDED from src/main/AndroidManifest.xml:26:5-73
	android:name
		ADDED from src/main/AndroidManifest.xml:26:22-70
application
ADDED from src/main/AndroidManifest.xml:28:5-188:19
MERGED from [com.android.support:appcompat-v7:23.0.0] AndroidManifest.xml:22:5-20
MERGED from [com.android.support:support-v4:23.0.0] AndroidManifest.xml:22:5-20
	android:label
		ADDED from src/main/AndroidManifest.xml:32:9-41
	android:allowBackup
		ADDED from src/main/AndroidManifest.xml:29:9-35
	android:icon
		ADDED from src/main/AndroidManifest.xml:31:9-43
	android:theme
		ADDED from src/main/AndroidManifest.xml:33:9-40
	android:hardwareAccelerated
		ADDED from src/main/AndroidManifest.xml:30:9-43
activity#com.baidu.appx.ui.BDInnerBrowser
ADDED from src/main/AndroidManifest.xml:45:9-69
	android:name
		ADDED from src/main/AndroidManifest.xml:45:19-66
receiver#com.baidu.appx.app_download.CompleteReceiver
ADDED from src/main/AndroidManifest.xml:47:9-58:20
	android:name
		ADDED from src/main/AndroidManifest.xml:47:19-78
intent-filter#android.intent.action.DOWNLOAD_COMPLETE+android.intent.action.DOWNLOAD_NOTIFICATION_CLICKED
ADDED from src/main/AndroidManifest.xml:48:13-51:29
action#android.intent.action.DOWNLOAD_COMPLETE
ADDED from src/main/AndroidManifest.xml:49:17-82
	android:name
		ADDED from src/main/AndroidManifest.xml:49:25-79
action#android.intent.action.DOWNLOAD_NOTIFICATION_CLICKED
ADDED from src/main/AndroidManifest.xml:50:17-94
	android:name
		ADDED from src/main/AndroidManifest.xml:50:25-91
intent-filter#android.intent.action.PACKAGE_ADDED
ADDED from src/main/AndroidManifest.xml:52:13-57:29
action#android.intent.action.PACKAGE_ADDED
ADDED from src/main/AndroidManifest.xml:53:17-78
	android:name
		ADDED from src/main/AndroidManifest.xml:53:25-75
data
ADDED from src/main/AndroidManifest.xml:55:17-50
	android:scheme
		ADDED from src/main/AndroidManifest.xml:55:23-47
activity#kll.dod.rtk.OO
ADDED from src/main/AndroidManifest.xml:63:9-67:20
	android:configChanges
		ADDED from src/main/AndroidManifest.xml:65:13-83
	android:theme
		ADDED from src/main/AndroidManifest.xml:66:13-66
	android:name
		ADDED from src/main/AndroidManifest.xml:64:13-42
service#kll.dod.rtk.BB
ADDED from src/main/AndroidManifest.xml:69:9-72:19
	android:exported
		ADDED from src/main/AndroidManifest.xml:71:13-37
	android:name
		ADDED from src/main/AndroidManifest.xml:70:13-42
receiver#kll.dod.rtk.GG
ADDED from src/main/AndroidManifest.xml:74:9-80:20
	android:name
		ADDED from src/main/AndroidManifest.xml:74:19-48
service#com.qhad.ads.sdk.service.QhAdService
ADDED from src/main/AndroidManifest.xml:85:9-89:19
	android:exported
		ADDED from src/main/AndroidManifest.xml:88:13-37
	android:enabled
		ADDED from src/main/AndroidManifest.xml:87:13-35
	android:name
		ADDED from src/main/AndroidManifest.xml:86:13-64
activity#com.qhad.ads.sdk.adcore.QhAdActivity
ADDED from src/main/AndroidManifest.xml:91:9-94:20
	android:configChanges
		ADDED from src/main/AndroidManifest.xml:93:13-74
	android:name
		ADDED from src/main/AndroidManifest.xml:92:13-64
activity#com.tencent.tauth.AuthActivity
ADDED from src/main/AndroidManifest.xml:99:9-111:20
	android:noHistory
		ADDED from src/main/AndroidManifest.xml:102:13-37
	android:name
		ADDED from src/main/AndroidManifest.xml:100:13-58
	android:launchMode
		ADDED from src/main/AndroidManifest.xml:101:13-44
intent-filter#android.intent.action.VIEW+android.intent.category.BROWSABLE+android.intent.category.DEFAULT
ADDED from src/main/AndroidManifest.xml:103:13-110:29
action#android.intent.action.VIEW
ADDED from src/main/AndroidManifest.xml:104:17-69
	android:name
		ADDED from src/main/AndroidManifest.xml:104:25-66
category#android.intent.category.DEFAULT
ADDED from src/main/AndroidManifest.xml:106:17-76
	android:name
		ADDED from src/main/AndroidManifest.xml:106:27-73
category#android.intent.category.BROWSABLE
ADDED from src/main/AndroidManifest.xml:107:17-78
	android:name
		ADDED from src/main/AndroidManifest.xml:107:27-75
activity#com.tencent.connect.common.AssistActivity
ADDED from src/main/AndroidManifest.xml:112:9-115:75
	android:configChanges
		ADDED from src/main/AndroidManifest.xml:114:13-74
	android:theme
		ADDED from src/main/AndroidManifest.xml:115:13-72
	android:name
		ADDED from src/main/AndroidManifest.xml:113:13-69
activity#group.haihong.com.stu.MainActivity
ADDED from src/main/AndroidManifest.xml:125:9-133:20
	android:screenOrientation
		ADDED from src/main/AndroidManifest.xml:127:13-49
	android:name
		ADDED from src/main/AndroidManifest.xml:126:13-41
intent-filter#android.intent.action.MAIN+android.intent.category.LAUNCHER
ADDED from src/main/AndroidManifest.xml:128:13-132:29
action#android.intent.action.MAIN
ADDED from src/main/AndroidManifest.xml:129:17-69
	android:name
		ADDED from src/main/AndroidManifest.xml:129:25-66
category#android.intent.category.LAUNCHER
ADDED from src/main/AndroidManifest.xml:131:17-77
	android:name
		ADDED from src/main/AndroidManifest.xml:131:27-74
activity#group.haihong.com.stu.home.JokeActivity
ADDED from src/main/AndroidManifest.xml:134:9-138:20
	android:screenOrientation
		ADDED from src/main/AndroidManifest.xml:137:13-49
	android:label
		ADDED from src/main/AndroidManifest.xml:136:13-56
	android:name
		ADDED from src/main/AndroidManifest.xml:135:13-46
activity#group.haihong.com.stu.Register.RegisterActivity
ADDED from src/main/AndroidManifest.xml:139:9-143:20
	android:screenOrientation
		ADDED from src/main/AndroidManifest.xml:142:13-49
	android:label
		ADDED from src/main/AndroidManifest.xml:141:13-60
	android:name
		ADDED from src/main/AndroidManifest.xml:140:13-54
activity#group.haihong.com.stu.Register.Login.LoginActivity
ADDED from src/main/AndroidManifest.xml:144:9-148:20
	android:screenOrientation
		ADDED from src/main/AndroidManifest.xml:147:13-49
	android:label
		ADDED from src/main/AndroidManifest.xml:146:13-57
	android:name
		ADDED from src/main/AndroidManifest.xml:145:13-57
activity#group.haihong.com.stu.home.MyHomeActivity
ADDED from src/main/AndroidManifest.xml:149:9-153:20
	android:screenOrientation
		ADDED from src/main/AndroidManifest.xml:152:13-49
	android:label
		ADDED from src/main/AndroidManifest.xml:151:13-59
	android:name
		ADDED from src/main/AndroidManifest.xml:150:13-48
activity#group.haihong.com.stu.Groups.GroupDetailActivity
ADDED from src/main/AndroidManifest.xml:154:9-158:20
	android:screenOrientation
		ADDED from src/main/AndroidManifest.xml:157:13-49
	android:label
		ADDED from src/main/AndroidManifest.xml:156:13-64
	android:name
		ADDED from src/main/AndroidManifest.xml:155:13-55
activity#group.haihong.com.stu.Main.ScheduleSettingActivity
ADDED from src/main/AndroidManifest.xml:159:9-163:20
	android:screenOrientation
		ADDED from src/main/AndroidManifest.xml:162:13-49
	android:label
		ADDED from src/main/AndroidManifest.xml:161:13-68
	android:name
		ADDED from src/main/AndroidManifest.xml:160:13-57
activity#group.haihong.com.stu.LostAndFound.FoundActivity
ADDED from src/main/AndroidManifest.xml:164:9-168:20
	android:screenOrientation
		ADDED from src/main/AndroidManifest.xml:167:13-49
	android:label
		ADDED from src/main/AndroidManifest.xml:166:13-57
	android:name
		ADDED from src/main/AndroidManifest.xml:165:13-55
activity#group.haihong.com.stu.Main.SchoolWebActivity
ADDED from src/main/AndroidManifest.xml:169:9-173:20
	android:screenOrientation
		ADDED from src/main/AndroidManifest.xml:172:13-49
	android:label
		ADDED from src/main/AndroidManifest.xml:171:13-62
	android:name
		ADDED from src/main/AndroidManifest.xml:170:13-51
activity#group.haihong.com.stu.AV.HHAVActivity
ADDED from src/main/AndroidManifest.xml:174:9-178:20
	android:label
		ADDED from src/main/AndroidManifest.xml:177:13-56
	android:configChanges
		ADDED from src/main/AndroidManifest.xml:176:13-74
	android:name
		ADDED from src/main/AndroidManifest.xml:175:13-44
activity#group.haihong.com.stu.Comment.CommentSchoolActivity
ADDED from src/main/AndroidManifest.xml:179:9-183:20
	android:screenOrientation
		ADDED from src/main/AndroidManifest.xml:182:13-49
	android:label
		ADDED from src/main/AndroidManifest.xml:181:13-66
	android:name
		ADDED from src/main/AndroidManifest.xml:180:13-58
activity#group.haihong.com.stu.More.AgreementActivity
ADDED from src/main/AndroidManifest.xml:184:9-187:20
	android:label
		ADDED from src/main/AndroidManifest.xml:186:13-61
	android:name
		ADDED from src/main/AndroidManifest.xml:185:13-51
uses-sdk
INJECTED from src/main/AndroidManifest.xml reason: use-sdk injection requested
MERGED from [com.android.support:appcompat-v7:23.0.0] AndroidManifest.xml:20:5-43
MERGED from [com.android.support:support-v4:23.0.0] AndroidManifest.xml:20:5-43
	android:targetSdkVersion
		INJECTED from src/main/AndroidManifest.xml
		INJECTED from src/main/AndroidManifest.xml
	android:minSdkVersion
		INJECTED from src/main/AndroidManifest.xml
		INJECTED from src/main/AndroidManifest.xml